<?xml version="1.0" encoding="UTF-8"?>
<!-- Generated by org.testng.reporters.JUnitReportReporter -->
<testsuite skipped="0" hostname="Shift-PC01" name="runner.CloudTestWithJUnit" tests="6" failures="0" timestamp="05 Apr 2018 19:23:43 GMT" time="372.291" errors="0">
  <testcase name="CustomerServicePageFunctionalityOne[1 - Browser - cloud_chrome_64]" time="64.413" classname="runner.CloudTestWithJUnit"/>
  <testcase name="CustomerServicePageFunctionalityTwo[0 - Browser - chrome]" time="35.158" classname="runner.CloudTestWithJUnit"/>
  <testcase name="CustomerServicePageFunctionalityTwo[1 - Browser - cloud_chrome_64]" time="96.654" classname="runner.CloudTestWithJUnit"/>
  <testcase name="imageFunctionality[1 - Browser - cloud_chrome_64]" time="110.761" classname="runner.CloudTestWithJUnit"/>
  <testcase name="imageFunctionality[0 - Browser - chrome]" time="43.385" classname="runner.CloudTestWithJUnit"/>
  <testcase name="CustomerServicePageFunctionalityOne[0 - Browser - chrome]" time="21.920" classname="runner.CloudTestWithJUnit"/>
</testsuite> <!-- runner.CloudTestWithJUnit -->
