<?xml version="1.0" encoding="UTF-8"?>
<!-- Generated by org.testng.reporters.JUnitReportReporter -->
<testsuite skipped="0" hostname="Shift-PC01" name="runner.CloudTestWithJUnit" tests="4" failures="0" timestamp="03 Apr 2018 23:30:38 GMT" time="189.149" errors="0">
  <testcase name="CustomerServicePageFunctionalityOne[1 - Browser - cloud_chrome_64]" time="56.325" classname="runner.CloudTestWithJUnit"/>
  <testcase name="CustomerServicePageFunctionalityTwo[0 - Browser - chrome]" time="26.664" classname="runner.CloudTestWithJUnit"/>
  <testcase name="CustomerServicePageFunctionalityTwo[1 - Browser - cloud_chrome_64]" time="92.319" classname="runner.CloudTestWithJUnit"/>
  <testcase name="CustomerServicePageFunctionalityOne[0 - Browser - chrome]" time="13.841" classname="runner.CloudTestWithJUnit"/>
</testsuite> <!-- runner.CloudTestWithJUnit -->
